mode: set
sms-platform/goapi/pkg/provider/interface.go:69.40,71.2 1 1
sms-platform/goapi/pkg/provider/interface.go:74.60,79.2 1 1
sms-platform/goapi/pkg/provider/interface.go:82.38,85.2 2 0
sms-platform/goapi/pkg/provider/mock_provider.go:59.67,65.2 1 1
sms-platform/goapi/pkg/provider/mock_provider.go:75.104,77.56 1 1
sms-platform/goapi/pkg/provider/mock_provider.go:77.56,79.3 1 0
sms-platform/goapi/pkg/provider/mock_provider.go:80.2,80.27 1 1
sms-platform/goapi/pkg/provider/mock_provider.go:80.27,82.3 1 0
sms-platform/goapi/pkg/provider/mock_provider.go:83.2,83.43 1 1
sms-platform/goapi/pkg/provider/mock_provider.go:83.43,85.3 1 0
sms-platform/goapi/pkg/provider/mock_provider.go:87.2,117.11 4 1
sms-platform/goapi/pkg/provider/mock_provider.go:121.49,159.2 1 1
sms-platform/goapi/pkg/provider/mock_provider.go:162.46,167.2 1 1
sms-platform/goapi/pkg/provider/mock_provider.go:170.57,172.2 1 1
sms-platform/goapi/pkg/provider/mock_provider.go:175.61,179.2 3 1
sms-platform/goapi/pkg/provider/mock_provider.go:182.50,186.2 3 1
sms-platform/goapi/pkg/provider/mock_provider.go:189.110,191.48 1 1
sms-platform/goapi/pkg/provider/mock_provider.go:191.48,193.3 1 1
sms-platform/goapi/pkg/provider/mock_provider.go:196.2,196.26 1 1
sms-platform/goapi/pkg/provider/mock_provider.go:196.26,198.3 1 1
sms-platform/goapi/pkg/provider/mock_provider.go:200.2,205.9 4 1
sms-platform/goapi/pkg/provider/mock_provider.go:205.9,208.3 1 1
sms-platform/goapi/pkg/provider/mock_provider.go:211.2,211.34 1 1
sms-platform/goapi/pkg/provider/mock_provider.go:211.34,214.3 1 0
sms-platform/goapi/pkg/provider/mock_provider.go:217.2,218.19 2 1
sms-platform/goapi/pkg/provider/mock_provider.go:218.19,220.3 1 0
sms-platform/goapi/pkg/provider/mock_provider.go:223.2,226.60 2 1
sms-platform/goapi/pkg/provider/mock_provider.go:226.60,229.3 1 0
sms-platform/goapi/pkg/provider/mock_provider.go:232.2,254.8 4 1
sms-platform/goapi/pkg/provider/mock_provider.go:258.120,264.13 4 1
sms-platform/goapi/pkg/provider/mock_provider.go:264.13,267.3 1 1
sms-platform/goapi/pkg/provider/mock_provider.go:270.2,270.47 1 1
sms-platform/goapi/pkg/provider/mock_provider.go:270.47,272.3 1 0
sms-platform/goapi/pkg/provider/mock_provider.go:275.2,279.24 3 1
sms-platform/goapi/pkg/provider/mock_provider.go:279.24,281.3 1 0
sms-platform/goapi/pkg/provider/mock_provider.go:284.2,288.12 3 1
sms-platform/goapi/pkg/provider/mock_provider.go:288.12,289.10 1 1
sms-platform/goapi/pkg/provider/mock_provider.go:290.31,292.49 1 1
sms-platform/goapi/pkg/provider/mock_provider.go:292.49,295.5 2 0
sms-platform/goapi/pkg/provider/mock_provider.go:298.4,313.28 6 1
sms-platform/goapi/pkg/provider/mock_provider.go:314.21,315.26 1 0
sms-platform/goapi/pkg/provider/mock_provider.go:320.2,320.9 1 1
sms-platform/goapi/pkg/provider/mock_provider.go:321.34,327.9 1 1
sms-platform/goapi/pkg/provider/mock_provider.go:328.26,329.18 1 0
sms-platform/goapi/pkg/provider/mock_provider.go:330.29,331.72 1 0
sms-platform/goapi/pkg/provider/mock_provider.go:332.20,333.24 1 0
sms-platform/goapi/pkg/provider/mock_provider.go:338.68,339.44 1 1
sms-platform/goapi/pkg/provider/mock_provider.go:339.44,341.10 2 1
sms-platform/goapi/pkg/provider/mock_provider.go:342.62,343.14 1 1
sms-platform/goapi/pkg/provider/mock_provider.go:344.21,345.20 1 1
sms-platform/goapi/pkg/provider/mock_provider.go:348.2,348.12 1 1
sms-platform/goapi/pkg/provider/mock_provider.go:352.48,354.2 1 1
sms-platform/goapi/pkg/provider/mock_provider.go:357.75,358.34 1 1
sms-platform/goapi/pkg/provider/mock_provider.go:358.34,360.3 1 0
sms-platform/goapi/pkg/provider/mock_provider.go:361.2,361.63 1 1
sms-platform/goapi/pkg/provider/mock_provider.go:365.72,366.21 1 1
sms-platform/goapi/pkg/provider/mock_provider.go:367.12,372.21 1 1
sms-platform/goapi/pkg/provider/mock_provider.go:373.12,375.59 1 1
sms-platform/goapi/pkg/provider/mock_provider.go:376.12,378.58 1 1
sms-platform/goapi/pkg/provider/mock_provider.go:379.12,381.58 1 1
sms-platform/goapi/pkg/provider/mock_provider.go:382.12,384.54 1 1
sms-platform/goapi/pkg/provider/mock_provider.go:385.10,387.57 1 0
sms-platform/goapi/pkg/provider/mock_provider.go:392.78,393.22 1 1
sms-platform/goapi/pkg/provider/mock_provider.go:394.22,395.49 1 0
sms-platform/goapi/pkg/provider/mock_provider.go:396.30,397.48 1 0
sms-platform/goapi/pkg/provider/mock_provider.go:398.14,399.18 1 1
sms-platform/goapi/pkg/provider/mock_provider.go:400.10,401.47 1 0
sms-platform/goapi/pkg/provider/mock_provider.go:406.71,412.41 4 0
sms-platform/goapi/pkg/provider/mock_provider.go:412.41,414.3 1 0
sms-platform/goapi/pkg/provider/mock_provider.go:415.2,415.15 1 0
sms-platform/goapi/pkg/provider/mock_provider.go:419.69,425.37 4 0
sms-platform/goapi/pkg/provider/mock_provider.go:425.37,427.3 1 0
sms-platform/goapi/pkg/provider/mock_provider.go:428.2,428.15 1 0
sms-platform/goapi/pkg/provider/mock_provider.go:432.42,439.52 4 0
sms-platform/goapi/pkg/provider/mock_provider.go:439.52,440.36 1 0
sms-platform/goapi/pkg/provider/mock_provider.go:440.36,442.4 1 0
sms-platform/goapi/pkg/provider/mock_provider.go:446.2,446.44 1 0
sms-platform/goapi/pkg/provider/mock_provider.go:446.44,447.32 1 0
sms-platform/goapi/pkg/provider/mock_provider.go:447.32,449.4 1 0
sms-platform/goapi/pkg/provider/mock_provider.go:454.59,466.2 3 1
sms-platform/goapi/pkg/provider/mock_provider.go:469.73,471.2 1 1
sms-platform/goapi/pkg/provider/mock_provider.go:474.61,476.2 1 0
